<?xml version="1.0" encoding="UTF-8"?>
<testsuite xmlns:xsi="http://www.w3.org/2001/XMLSchema-instance" xsi:noNamespaceSchemaLocation="https://maven.apache.org/surefire/maven-surefire-plugin/xsd/surefire-test-report.xsd" name="com.ljn.seckill.SeckillApplicationTests" time="12.965" tests="1" errors="0" skipped="0" failures="0">
  <properties>
    <property name="sun.desktop" value="windows"/>
    <property name="awt.toolkit" value="sun.awt.windows.WToolkit"/>
    <property name="file.encoding.pkg" value="sun.io"/>
    <property name="java.specification.version" value="1.8"/>
    <property name="sun.cpu.isalist" value="amd64"/>
    <property name="sun.jnu.encoding" value="GBK"/>
    <property name="java.class.path" value="E:\Java\8project\003seckill\target\test-classes;E:\Java\8project\003seckill\target\classes;D:\apache-maven-3.3.9\work\maven_work\maven_repository\org\springframework\boot\spring-boot-starter-thymeleaf\2.2.1.RELEASE\spring-boot-starter-thymeleaf-2.2.1.RELEASE.jar;D:\apache-maven-3.3.9\work\maven_work\maven_repository\org\springframework\boot\spring-boot-starter\2.2.1.RELEASE\spring-boot-starter-2.2.1.RELEASE.jar;D:\apache-maven-3.3.9\work\maven_work\maven_repository\org\springframework\boot\spring-boot\2.2.1.RELEASE\spring-boot-2.2.1.RELEASE.jar;D:\apache-maven-3.3.9\work\maven_work\maven_repository\org\springframework\boot\spring-boot-starter-logging\2.2.1.RELEASE\spring-boot-starter-logging-2.2.1.RELEASE.jar;D:\apache-maven-3.3.9\work\maven_work\maven_repository\ch\qos\logback\logback-classic\1.2.3\logback-classic-1.2.3.jar;D:\apache-maven-3.3.9\work\maven_work\maven_repository\ch\qos\logback\logback-core\1.2.3\logback-core-1.2.3.jar;D:\apache-maven-3.3.9\work\maven_work\maven_repository\org\apache\logging\log4j\log4j-to-slf4j\2.12.1\log4j-to-slf4j-2.12.1.jar;D:\apache-maven-3.3.9\work\maven_work\maven_repository\org\apache\logging\log4j\log4j-api\2.12.1\log4j-api-2.12.1.jar;D:\apache-maven-3.3.9\work\maven_work\maven_repository\org\slf4j\jul-to-slf4j\1.7.29\jul-to-slf4j-1.7.29.jar;D:\apache-maven-3.3.9\work\maven_work\maven_repository\jakarta\annotation\jakarta.annotation-api\1.3.5\jakarta.annotation-api-1.3.5.jar;D:\apache-maven-3.3.9\work\maven_work\maven_repository\org\yaml\snakeyaml\1.25\snakeyaml-1.25.jar;D:\apache-maven-3.3.9\work\maven_work\maven_repository\org\thymeleaf\thymeleaf-spring5\3.0.11.RELEASE\thymeleaf-spring5-3.0.11.RELEASE.jar;D:\apache-maven-3.3.9\work\maven_work\maven_repository\org\thymeleaf\thymeleaf\3.0.11.RELEASE\thymeleaf-3.0.11.RELEASE.jar;D:\apache-maven-3.3.9\work\maven_work\maven_repository\org\attoparser\attoparser\2.0.5.RELEASE\attoparser-2.0.5.RELEASE.jar;D:\apache-maven-3.3.9\work\maven_work\maven_repository\org\unbescape\unbescape\1.1.6.RELEASE\unbescape-1.1.6.RELEASE.jar;D:\apache-maven-3.3.9\work\maven_work\maven_repository\org\slf4j\slf4j-api\1.7.29\slf4j-api-1.7.29.jar;D:\apache-maven-3.3.9\work\maven_work\maven_repository\org\thymeleaf\extras\thymeleaf-extras-java8time\3.0.4.RELEASE\thymeleaf-extras-java8time-3.0.4.RELEASE.jar;D:\apache-maven-3.3.9\work\maven_work\maven_repository\org\springframework\boot\spring-boot-starter-web\2.2.1.RELEASE\spring-boot-starter-web-2.2.1.RELEASE.jar;D:\apache-maven-3.3.9\work\maven_work\maven_repository\org\springframework\boot\spring-boot-starter-json\2.2.1.RELEASE\spring-boot-starter-json-2.2.1.RELEASE.jar;D:\apache-maven-3.3.9\work\maven_work\maven_repository\com\fasterxml\jackson\core\jackson-databind\2.10.0\jackson-databind-2.10.0.jar;D:\apache-maven-3.3.9\work\maven_work\maven_repository\com\fasterxml\jackson\core\jackson-annotations\2.10.0\jackson-annotations-2.10.0.jar;D:\apache-maven-3.3.9\work\maven_work\maven_repository\com\fasterxml\jackson\core\jackson-core\2.10.0\jackson-core-2.10.0.jar;D:\apache-maven-3.3.9\work\maven_work\maven_repository\com\fasterxml\jackson\datatype\jackson-datatype-jdk8\2.10.0\jackson-datatype-jdk8-2.10.0.jar;D:\apache-maven-3.3.9\work\maven_work\maven_repository\com\fasterxml\jackson\datatype\jackson-datatype-jsr310\2.10.0\jackson-datatype-jsr310-2.10.0.jar;D:\apache-maven-3.3.9\work\maven_work\maven_repository\com\fasterxml\jackson\module\jackson-module-parameter-names\2.10.0\jackson-module-parameter-names-2.10.0.jar;D:\apache-maven-3.3.9\work\maven_work\maven_repository\org\springframework\boot\spring-boot-starter-tomcat\2.2.1.RELEASE\spring-boot-starter-tomcat-2.2.1.RELEASE.jar;D:\apache-maven-3.3.9\work\maven_work\maven_repository\org\apache\tomcat\embed\tomcat-embed-core\9.0.27\tomcat-embed-core-9.0.27.jar;D:\apache-maven-3.3.9\work\maven_work\maven_repository\org\apache\tomcat\embed\tomcat-embed-websocket\9.0.27\tomcat-embed-websocket-9.0.27.jar;D:\apache-maven-3.3.9\work\maven_work\maven_repository\org\springframework\spring-web\5.2.1.RELEASE\spring-web-5.2.1.RELEASE.jar;D:\apache-maven-3.3.9\work\maven_work\maven_repository\org\springframework\spring-beans\5.2.1.RELEASE\spring-beans-5.2.1.RELEASE.jar;D:\apache-maven-3.3.9\work\maven_work\maven_repository\org\springframework\spring-webmvc\5.2.1.RELEASE\spring-webmvc-5.2.1.RELEASE.jar;D:\apache-maven-3.3.9\work\maven_work\maven_repository\org\springframework\spring-aop\5.2.1.RELEASE\spring-aop-5.2.1.RELEASE.jar;D:\apache-maven-3.3.9\work\maven_work\maven_repository\org\springframework\spring-context\5.2.1.RELEASE\spring-context-5.2.1.RELEASE.jar;D:\apache-maven-3.3.9\work\maven_work\maven_repository\org\springframework\spring-expression\5.2.1.RELEASE\spring-expression-5.2.1.RELEASE.jar;D:\apache-maven-3.3.9\work\maven_work\maven_repository\mysql\mysql-connector-java\8.0.18\mysql-connector-java-8.0.18.jar;D:\apache-maven-3.3.9\work\maven_work\maven_repository\org\projectlombok\lombok\1.18.10\lombok-1.18.10.jar;D:\apache-maven-3.3.9\work\maven_work\maven_repository\org\springframework\boot\spring-boot-starter-test\2.2.1.RELEASE\spring-boot-starter-test-2.2.1.RELEASE.jar;D:\apache-maven-3.3.9\work\maven_work\maven_repository\org\springframework\boot\spring-boot-test\2.2.1.RELEASE\spring-boot-test-2.2.1.RELEASE.jar;D:\apache-maven-3.3.9\work\maven_work\maven_repository\org\springframework\boot\spring-boot-test-autoconfigure\2.2.1.RELEASE\spring-boot-test-autoconfigure-2.2.1.RELEASE.jar;D:\apache-maven-3.3.9\work\maven_work\maven_repository\com\jayway\jsonpath\json-path\2.4.0\json-path-2.4.0.jar;D:\apache-maven-3.3.9\work\maven_work\maven_repository\net\minidev\json-smart\2.3\json-smart-2.3.jar;D:\apache-maven-3.3.9\work\maven_work\maven_repository\net\minidev\accessors-smart\1.2\accessors-smart-1.2.jar;D:\apache-maven-3.3.9\work\maven_work\maven_repository\org\ow2\asm\asm\5.0.4\asm-5.0.4.jar;D:\apache-maven-3.3.9\work\maven_work\maven_repository\jakarta\xml\bind\jakarta.xml.bind-api\2.3.2\jakarta.xml.bind-api-2.3.2.jar;D:\apache-maven-3.3.9\work\maven_work\maven_repository\jakarta\activation\jakarta.activation-api\1.2.1\jakarta.activation-api-1.2.1.jar;D:\apache-maven-3.3.9\work\maven_work\maven_repository\org\junit\jupiter\junit-jupiter\5.5.2\junit-jupiter-5.5.2.jar;D:\apache-maven-3.3.9\work\maven_work\maven_repository\org\junit\jupiter\junit-jupiter-api\5.5.2\junit-jupiter-api-5.5.2.jar;D:\apache-maven-3.3.9\work\maven_work\maven_repository\org\opentest4j\opentest4j\1.2.0\opentest4j-1.2.0.jar;D:\apache-maven-3.3.9\work\maven_work\maven_repository\org\junit\platform\junit-platform-commons\1.5.2\junit-platform-commons-1.5.2.jar;D:\apache-maven-3.3.9\work\maven_work\maven_repository\org\junit\jupiter\junit-jupiter-params\5.5.2\junit-jupiter-params-5.5.2.jar;D:\apache-maven-3.3.9\work\maven_work\maven_repository\org\junit\jupiter\junit-jupiter-engine\5.5.2\junit-jupiter-engine-5.5.2.jar;D:\apache-maven-3.3.9\work\maven_work\maven_repository\org\junit\vintage\junit-vintage-engine\5.5.2\junit-vintage-engine-5.5.2.jar;D:\apache-maven-3.3.9\work\maven_work\maven_repository\org\apiguardian\apiguardian-api\1.1.0\apiguardian-api-1.1.0.jar;D:\apache-maven-3.3.9\work\maven_work\maven_repository\org\junit\platform\junit-platform-engine\1.5.2\junit-platform-engine-1.5.2.jar;D:\apache-maven-3.3.9\work\maven_work\maven_repository\junit\junit\4.12\junit-4.12.jar;D:\apache-maven-3.3.9\work\maven_work\maven_repository\org\mockito\mockito-junit-jupiter\3.1.0\mockito-junit-jupiter-3.1.0.jar;D:\apache-maven-3.3.9\work\maven_work\maven_repository\org\assertj\assertj-core\3.13.2\assertj-core-3.13.2.jar;D:\apache-maven-3.3.9\work\maven_work\maven_repository\org\hamcrest\hamcrest\2.1\hamcrest-2.1.jar;D:\apache-maven-3.3.9\work\maven_work\maven_repository\org\mockito\mockito-core\3.1.0\mockito-core-3.1.0.jar;D:\apache-maven-3.3.9\work\maven_work\maven_repository\net\bytebuddy\byte-buddy\1.10.2\byte-buddy-1.10.2.jar;D:\apache-maven-3.3.9\work\maven_work\maven_repository\net\bytebuddy\byte-buddy-agent\1.10.2\byte-buddy-agent-1.10.2.jar;D:\apache-maven-3.3.9\work\maven_work\maven_repository\org\objenesis\objenesis\2.6\objenesis-2.6.jar;D:\apache-maven-3.3.9\work\maven_work\maven_repository\org\skyscreamer\jsonassert\1.5.0\jsonassert-1.5.0.jar;D:\apache-maven-3.3.9\work\maven_work\maven_repository\com\vaadin\external\google\android-json\0.0.20131108.vaadin1\android-json-0.0.20131108.vaadin1.jar;D:\apache-maven-3.3.9\work\maven_work\maven_repository\org\springframework\spring-core\5.2.1.RELEASE\spring-core-5.2.1.RELEASE.jar;D:\apache-maven-3.3.9\work\maven_work\maven_repository\org\springframework\spring-jcl\5.2.1.RELEASE\spring-jcl-5.2.1.RELEASE.jar;D:\apache-maven-3.3.9\work\maven_work\maven_repository\org\springframework\spring-test\5.2.1.RELEASE\spring-test-5.2.1.RELEASE.jar;D:\apache-maven-3.3.9\work\maven_work\maven_repository\org\xmlunit\xmlunit-core\2.6.3\xmlunit-core-2.6.3.jar;D:\apache-maven-3.3.9\work\maven_work\maven_repository\com\baomidou\mybatis-plus-boot-starter\3.5.1\mybatis-plus-boot-starter-3.5.1.jar;D:\apache-maven-3.3.9\work\maven_work\maven_repository\com\baomidou\mybatis-plus\3.5.1\mybatis-plus-3.5.1.jar;D:\apache-maven-3.3.9\work\maven_work\maven_repository\com\baomidou\mybatis-plus-extension\3.5.1\mybatis-plus-extension-3.5.1.jar;D:\apache-maven-3.3.9\work\maven_work\maven_repository\com\baomidou\mybatis-plus-core\3.5.1\mybatis-plus-core-3.5.1.jar;D:\apache-maven-3.3.9\work\maven_work\maven_repository\com\baomidou\mybatis-plus-annotation\3.5.1\mybatis-plus-annotation-3.5.1.jar;D:\apache-maven-3.3.9\work\maven_work\maven_repository\com\github\jsqlparser\jsqlparser\4.3\jsqlparser-4.3.jar;D:\apache-maven-3.3.9\work\maven_work\maven_repository\org\mybatis\mybatis\3.5.9\mybatis-3.5.9.jar;D:\apache-maven-3.3.9\work\maven_work\maven_repository\org\mybatis\mybatis-spring\2.0.6\mybatis-spring-2.0.6.jar;D:\apache-maven-3.3.9\work\maven_work\maven_repository\org\springframework\boot\spring-boot-autoconfigure\2.2.1.RELEASE\spring-boot-autoconfigure-2.2.1.RELEASE.jar;D:\apache-maven-3.3.9\work\maven_work\maven_repository\org\springframework\boot\spring-boot-starter-jdbc\2.2.1.RELEASE\spring-boot-starter-jdbc-2.2.1.RELEASE.jar;D:\apache-maven-3.3.9\work\maven_work\maven_repository\com\zaxxer\HikariCP\3.4.1\HikariCP-3.4.1.jar;D:\apache-maven-3.3.9\work\maven_work\maven_repository\org\springframework\spring-jdbc\5.2.1.RELEASE\spring-jdbc-5.2.1.RELEASE.jar;D:\apache-maven-3.3.9\work\maven_work\maven_repository\commons-codec\commons-codec\1.13\commons-codec-1.13.jar;D:\apache-maven-3.3.9\work\maven_work\maven_repository\org\apache\commons\commons-lang3\3.6\commons-lang3-3.6.jar;D:\apache-maven-3.3.9\work\maven_work\maven_repository\org\springframework\boot\spring-boot-starter-validation\2.2.1.RELEASE\spring-boot-starter-validation-2.2.1.RELEASE.jar;D:\apache-maven-3.3.9\work\maven_work\maven_repository\jakarta\validation\jakarta.validation-api\2.0.1\jakarta.validation-api-2.0.1.jar;D:\apache-maven-3.3.9\work\maven_work\maven_repository\org\apache\tomcat\embed\tomcat-embed-el\9.0.27\tomcat-embed-el-9.0.27.jar;D:\apache-maven-3.3.9\work\maven_work\maven_repository\org\hibernate\validator\hibernate-validator\6.0.18.Final\hibernate-validator-6.0.18.Final.jar;D:\apache-maven-3.3.9\work\maven_work\maven_repository\org\jboss\logging\jboss-logging\3.4.1.Final\jboss-logging-3.4.1.Final.jar;D:\apache-maven-3.3.9\work\maven_work\maven_repository\com\fasterxml\classmate\1.5.1\classmate-1.5.1.jar;D:\apache-maven-3.3.9\work\maven_work\maven_repository\org\springframework\boot\spring-boot-starter-data-redis\2.2.1.RELEASE\spring-boot-starter-data-redis-2.2.1.RELEASE.jar;D:\apache-maven-3.3.9\work\maven_work\maven_repository\org\springframework\data\spring-data-redis\2.2.1.RELEASE\spring-data-redis-2.2.1.RELEASE.jar;D:\apache-maven-3.3.9\work\maven_work\maven_repository\org\springframework\data\spring-data-keyvalue\2.2.1.RELEASE\spring-data-keyvalue-2.2.1.RELEASE.jar;D:\apache-maven-3.3.9\work\maven_work\maven_repository\org\springframework\data\spring-data-commons\2.2.1.RELEASE\spring-data-commons-2.2.1.RELEASE.jar;D:\apache-maven-3.3.9\work\maven_work\maven_repository\org\springframework\spring-tx\5.2.1.RELEASE\spring-tx-5.2.1.RELEASE.jar;D:\apache-maven-3.3.9\work\maven_work\maven_repository\org\springframework\spring-oxm\5.2.1.RELEASE\spring-oxm-5.2.1.RELEASE.jar;D:\apache-maven-3.3.9\work\maven_work\maven_repository\org\springframework\spring-context-support\5.2.1.RELEASE\spring-context-support-5.2.1.RELEASE.jar;D:\apache-maven-3.3.9\work\maven_work\maven_repository\io\lettuce\lettuce-core\5.2.1.RELEASE\lettuce-core-5.2.1.RELEASE.jar;D:\apache-maven-3.3.9\work\maven_work\maven_repository\io\netty\netty-common\4.1.43.Final\netty-common-4.1.43.Final.jar;D:\apache-maven-3.3.9\work\maven_work\maven_repository\io\netty\netty-handler\4.1.43.Final\netty-handler-4.1.43.Final.jar;D:\apache-maven-3.3.9\work\maven_work\maven_repository\io\netty\netty-buffer\4.1.43.Final\netty-buffer-4.1.43.Final.jar;D:\apache-maven-3.3.9\work\maven_work\maven_repository\io\netty\netty-codec\4.1.43.Final\netty-codec-4.1.43.Final.jar;D:\apache-maven-3.3.9\work\maven_work\maven_repository\io\netty\netty-transport\4.1.43.Final\netty-transport-4.1.43.Final.jar;D:\apache-maven-3.3.9\work\maven_work\maven_repository\io\netty\netty-resolver\4.1.43.Final\netty-resolver-4.1.43.Final.jar;D:\apache-maven-3.3.9\work\maven_work\maven_repository\io\projectreactor\reactor-core\3.3.0.RELEASE\reactor-core-3.3.0.RELEASE.jar;D:\apache-maven-3.3.9\work\maven_work\maven_repository\org\reactivestreams\reactive-streams\1.0.3\reactive-streams-1.0.3.jar;D:\apache-maven-3.3.9\work\maven_work\maven_repository\org\apache\commons\commons-pool2\2.7.0\commons-pool2-2.7.0.jar;"/>
    <property name="java.vm.vendor" value="Oracle Corporation"/>
    <property name="sun.arch.data.model" value="64"/>
    <property name="user.variant" value=""/>
    <property name="java.vendor.url" value="http://java.oracle.com/"/>
    <property name="user.timezone" value="Asia/Shanghai"/>
    <property name="java.vm.specification.version" value="1.8"/>
    <property name="os.name" value="Windows 10"/>
    <property name="user.country" value="CN"/>
    <property name="sun.java.launcher" value="SUN_STANDARD"/>
    <property name="sun.boot.library.path" value="C:\Program Files\Java\jdk1.8.0_261\jre\bin"/>
    <property name="sun.java.command" value="C:\Users\ljn\AppData\Local\Temp\surefire3614580330148409840\surefirebooter4743146472402702199.jar C:\Users\ljn\AppData\Local\Temp\surefire3614580330148409840 2022-04-30T20-17-52_433-jvmRun1 surefire5069514094023058177tmp surefire_08838747093595400760tmp"/>
    <property name="surefire.test.class.path" value="E:\Java\8project\003seckill\target\test-classes;E:\Java\8project\003seckill\target\classes;D:\apache-maven-3.3.9\work\maven_work\maven_repository\org\springframework\boot\spring-boot-starter-thymeleaf\2.2.1.RELEASE\spring-boot-starter-thymeleaf-2.2.1.RELEASE.jar;D:\apache-maven-3.3.9\work\maven_work\maven_repository\org\springframework\boot\spring-boot-starter\2.2.1.RELEASE\spring-boot-starter-2.2.1.RELEASE.jar;D:\apache-maven-3.3.9\work\maven_work\maven_repository\org\springframework\boot\spring-boot\2.2.1.RELEASE\spring-boot-2.2.1.RELEASE.jar;D:\apache-maven-3.3.9\work\maven_work\maven_repository\org\springframework\boot\spring-boot-starter-logging\2.2.1.RELEASE\spring-boot-starter-logging-2.2.1.RELEASE.jar;D:\apache-maven-3.3.9\work\maven_work\maven_repository\ch\qos\logback\logback-classic\1.2.3\logback-classic-1.2.3.jar;D:\apache-maven-3.3.9\work\maven_work\maven_repository\ch\qos\logback\logback-core\1.2.3\logback-core-1.2.3.jar;D:\apache-maven-3.3.9\work\maven_work\maven_repository\org\apache\logging\log4j\log4j-to-slf4j\2.12.1\log4j-to-slf4j-2.12.1.jar;D:\apache-maven-3.3.9\work\maven_work\maven_repository\org\apache\logging\log4j\log4j-api\2.12.1\log4j-api-2.12.1.jar;D:\apache-maven-3.3.9\work\maven_work\maven_repository\org\slf4j\jul-to-slf4j\1.7.29\jul-to-slf4j-1.7.29.jar;D:\apache-maven-3.3.9\work\maven_work\maven_repository\jakarta\annotation\jakarta.annotation-api\1.3.5\jakarta.annotation-api-1.3.5.jar;D:\apache-maven-3.3.9\work\maven_work\maven_repository\org\yaml\snakeyaml\1.25\snakeyaml-1.25.jar;D:\apache-maven-3.3.9\work\maven_work\maven_repository\org\thymeleaf\thymeleaf-spring5\3.0.11.RELEASE\thymeleaf-spring5-3.0.11.RELEASE.jar;D:\apache-maven-3.3.9\work\maven_work\maven_repository\org\thymeleaf\thymeleaf\3.0.11.RELEASE\thymeleaf-3.0.11.RELEASE.jar;D:\apache-maven-3.3.9\work\maven_work\maven_repository\org\attoparser\attoparser\2.0.5.RELEASE\attoparser-2.0.5.RELEASE.jar;D:\apache-maven-3.3.9\work\maven_work\maven_repository\org\unbescape\unbescape\1.1.6.RELEASE\unbescape-1.1.6.RELEASE.jar;D:\apache-maven-3.3.9\work\maven_work\maven_repository\org\slf4j\slf4j-api\1.7.29\slf4j-api-1.7.29.jar;D:\apache-maven-3.3.9\work\maven_work\maven_repository\org\thymeleaf\extras\thymeleaf-extras-java8time\3.0.4.RELEASE\thymeleaf-extras-java8time-3.0.4.RELEASE.jar;D:\apache-maven-3.3.9\work\maven_work\maven_repository\org\springframework\boot\spring-boot-starter-web\2.2.1.RELEASE\spring-boot-starter-web-2.2.1.RELEASE.jar;D:\apache-maven-3.3.9\work\maven_work\maven_repository\org\springframework\boot\spring-boot-starter-json\2.2.1.RELEASE\spring-boot-starter-json-2.2.1.RELEASE.jar;D:\apache-maven-3.3.9\work\maven_work\maven_repository\com\fasterxml\jackson\core\jackson-databind\2.10.0\jackson-databind-2.10.0.jar;D:\apache-maven-3.3.9\work\maven_work\maven_repository\com\fasterxml\jackson\core\jackson-annotations\2.10.0\jackson-annotations-2.10.0.jar;D:\apache-maven-3.3.9\work\maven_work\maven_repository\com\fasterxml\jackson\core\jackson-core\2.10.0\jackson-core-2.10.0.jar;D:\apache-maven-3.3.9\work\maven_work\maven_repository\com\fasterxml\jackson\datatype\jackson-datatype-jdk8\2.10.0\jackson-datatype-jdk8-2.10.0.jar;D:\apache-maven-3.3.9\work\maven_work\maven_repository\com\fasterxml\jackson\datatype\jackson-datatype-jsr310\2.10.0\jackson-datatype-jsr310-2.10.0.jar;D:\apache-maven-3.3.9\work\maven_work\maven_repository\com\fasterxml\jackson\module\jackson-module-parameter-names\2.10.0\jackson-module-parameter-names-2.10.0.jar;D:\apache-maven-3.3.9\work\maven_work\maven_repository\org\springframework\boot\spring-boot-starter-tomcat\2.2.1.RELEASE\spring-boot-starter-tomcat-2.2.1.RELEASE.jar;D:\apache-maven-3.3.9\work\maven_work\maven_repository\org\apache\tomcat\embed\tomcat-embed-core\9.0.27\tomcat-embed-core-9.0.27.jar;D:\apache-maven-3.3.9\work\maven_work\maven_repository\org\apache\tomcat\embed\tomcat-embed-websocket\9.0.27\tomcat-embed-websocket-9.0.27.jar;D:\apache-maven-3.3.9\work\maven_work\maven_repository\org\springframework\spring-web\5.2.1.RELEASE\spring-web-5.2.1.RELEASE.jar;D:\apache-maven-3.3.9\work\maven_work\maven_repository\org\springframework\spring-beans\5.2.1.RELEASE\spring-beans-5.2.1.RELEASE.jar;D:\apache-maven-3.3.9\work\maven_work\maven_repository\org\springframework\spring-webmvc\5.2.1.RELEASE\spring-webmvc-5.2.1.RELEASE.jar;D:\apache-maven-3.3.9\work\maven_work\maven_repository\org\springframework\spring-aop\5.2.1.RELEASE\spring-aop-5.2.1.RELEASE.jar;D:\apache-maven-3.3.9\work\maven_work\maven_repository\org\springframework\spring-context\5.2.1.RELEASE\spring-context-5.2.1.RELEASE.jar;D:\apache-maven-3.3.9\work\maven_work\maven_repository\org\springframework\spring-expression\5.2.1.RELEASE\spring-expression-5.2.1.RELEASE.jar;D:\apache-maven-3.3.9\work\maven_work\maven_repository\mysql\mysql-connector-java\8.0.18\mysql-connector-java-8.0.18.jar;D:\apache-maven-3.3.9\work\maven_work\maven_repository\org\projectlombok\lombok\1.18.10\lombok-1.18.10.jar;D:\apache-maven-3.3.9\work\maven_work\maven_repository\org\springframework\boot\spring-boot-starter-test\2.2.1.RELEASE\spring-boot-starter-test-2.2.1.RELEASE.jar;D:\apache-maven-3.3.9\work\maven_work\maven_repository\org\springframework\boot\spring-boot-test\2.2.1.RELEASE\spring-boot-test-2.2.1.RELEASE.jar;D:\apache-maven-3.3.9\work\maven_work\maven_repository\org\springframework\boot\spring-boot-test-autoconfigure\2.2.1.RELEASE\spring-boot-test-autoconfigure-2.2.1.RELEASE.jar;D:\apache-maven-3.3.9\work\maven_work\maven_repository\com\jayway\jsonpath\json-path\2.4.0\json-path-2.4.0.jar;D:\apache-maven-3.3.9\work\maven_work\maven_repository\net\minidev\json-smart\2.3\json-smart-2.3.jar;D:\apache-maven-3.3.9\work\maven_work\maven_repository\net\minidev\accessors-smart\1.2\accessors-smart-1.2.jar;D:\apache-maven-3.3.9\work\maven_work\maven_repository\org\ow2\asm\asm\5.0.4\asm-5.0.4.jar;D:\apache-maven-3.3.9\work\maven_work\maven_repository\jakarta\xml\bind\jakarta.xml.bind-api\2.3.2\jakarta.xml.bind-api-2.3.2.jar;D:\apache-maven-3.3.9\work\maven_work\maven_repository\jakarta\activation\jakarta.activation-api\1.2.1\jakarta.activation-api-1.2.1.jar;D:\apache-maven-3.3.9\work\maven_work\maven_repository\org\junit\jupiter\junit-jupiter\5.5.2\junit-jupiter-5.5.2.jar;D:\apache-maven-3.3.9\work\maven_work\maven_repository\org\junit\jupiter\junit-jupiter-api\5.5.2\junit-jupiter-api-5.5.2.jar;D:\apache-maven-3.3.9\work\maven_work\maven_repository\org\opentest4j\opentest4j\1.2.0\opentest4j-1.2.0.jar;D:\apache-maven-3.3.9\work\maven_work\maven_repository\org\junit\platform\junit-platform-commons\1.5.2\junit-platform-commons-1.5.2.jar;D:\apache-maven-3.3.9\work\maven_work\maven_repository\org\junit\jupiter\junit-jupiter-params\5.5.2\junit-jupiter-params-5.5.2.jar;D:\apache-maven-3.3.9\work\maven_work\maven_repository\org\junit\jupiter\junit-jupiter-engine\5.5.2\junit-jupiter-engine-5.5.2.jar;D:\apache-maven-3.3.9\work\maven_work\maven_repository\org\junit\vintage\junit-vintage-engine\5.5.2\junit-vintage-engine-5.5.2.jar;D:\apache-maven-3.3.9\work\maven_work\maven_repository\org\apiguardian\apiguardian-api\1.1.0\apiguardian-api-1.1.0.jar;D:\apache-maven-3.3.9\work\maven_work\maven_repository\org\junit\platform\junit-platform-engine\1.5.2\junit-platform-engine-1.5.2.jar;D:\apache-maven-3.3.9\work\maven_work\maven_repository\junit\junit\4.12\junit-4.12.jar;D:\apache-maven-3.3.9\work\maven_work\maven_repository\org\mockito\mockito-junit-jupiter\3.1.0\mockito-junit-jupiter-3.1.0.jar;D:\apache-maven-3.3.9\work\maven_work\maven_repository\org\assertj\assertj-core\3.13.2\assertj-core-3.13.2.jar;D:\apache-maven-3.3.9\work\maven_work\maven_repository\org\hamcrest\hamcrest\2.1\hamcrest-2.1.jar;D:\apache-maven-3.3.9\work\maven_work\maven_repository\org\mockito\mockito-core\3.1.0\mockito-core-3.1.0.jar;D:\apache-maven-3.3.9\work\maven_work\maven_repository\net\bytebuddy\byte-buddy\1.10.2\byte-buddy-1.10.2.jar;D:\apache-maven-3.3.9\work\maven_work\maven_repository\net\bytebuddy\byte-buddy-agent\1.10.2\byte-buddy-agent-1.10.2.jar;D:\apache-maven-3.3.9\work\maven_work\maven_repository\org\objenesis\objenesis\2.6\objenesis-2.6.jar;D:\apache-maven-3.3.9\work\maven_work\maven_repository\org\skyscreamer\jsonassert\1.5.0\jsonassert-1.5.0.jar;D:\apache-maven-3.3.9\work\maven_work\maven_repository\com\vaadin\external\google\android-json\0.0.20131108.vaadin1\android-json-0.0.20131108.vaadin1.jar;D:\apache-maven-3.3.9\work\maven_work\maven_repository\org\springframework\spring-core\5.2.1.RELEASE\spring-core-5.2.1.RELEASE.jar;D:\apache-maven-3.3.9\work\maven_work\maven_repository\org\springframework\spring-jcl\5.2.1.RELEASE\spring-jcl-5.2.1.RELEASE.jar;D:\apache-maven-3.3.9\work\maven_work\maven_repository\org\springframework\spring-test\5.2.1.RELEASE\spring-test-5.2.1.RELEASE.jar;D:\apache-maven-3.3.9\work\maven_work\maven_repository\org\xmlunit\xmlunit-core\2.6.3\xmlunit-core-2.6.3.jar;D:\apache-maven-3.3.9\work\maven_work\maven_repository\com\baomidou\mybatis-plus-boot-starter\3.5.1\mybatis-plus-boot-starter-3.5.1.jar;D:\apache-maven-3.3.9\work\maven_work\maven_repository\com\baomidou\mybatis-plus\3.5.1\mybatis-plus-3.5.1.jar;D:\apache-maven-3.3.9\work\maven_work\maven_repository\com\baomidou\mybatis-plus-extension\3.5.1\mybatis-plus-extension-3.5.1.jar;D:\apache-maven-3.3.9\work\maven_work\maven_repository\com\baomidou\mybatis-plus-core\3.5.1\mybatis-plus-core-3.5.1.jar;D:\apache-maven-3.3.9\work\maven_work\maven_repository\com\baomidou\mybatis-plus-annotation\3.5.1\mybatis-plus-annotation-3.5.1.jar;D:\apache-maven-3.3.9\work\maven_work\maven_repository\com\github\jsqlparser\jsqlparser\4.3\jsqlparser-4.3.jar;D:\apache-maven-3.3.9\work\maven_work\maven_repository\org\mybatis\mybatis\3.5.9\mybatis-3.5.9.jar;D:\apache-maven-3.3.9\work\maven_work\maven_repository\org\mybatis\mybatis-spring\2.0.6\mybatis-spring-2.0.6.jar;D:\apache-maven-3.3.9\work\maven_work\maven_repository\org\springframework\boot\spring-boot-autoconfigure\2.2.1.RELEASE\spring-boot-autoconfigure-2.2.1.RELEASE.jar;D:\apache-maven-3.3.9\work\maven_work\maven_repository\org\springframework\boot\spring-boot-starter-jdbc\2.2.1.RELEASE\spring-boot-starter-jdbc-2.2.1.RELEASE.jar;D:\apache-maven-3.3.9\work\maven_work\maven_repository\com\zaxxer\HikariCP\3.4.1\HikariCP-3.4.1.jar;D:\apache-maven-3.3.9\work\maven_work\maven_repository\org\springframework\spring-jdbc\5.2.1.RELEASE\spring-jdbc-5.2.1.RELEASE.jar;D:\apache-maven-3.3.9\work\maven_work\maven_repository\commons-codec\commons-codec\1.13\commons-codec-1.13.jar;D:\apache-maven-3.3.9\work\maven_work\maven_repository\org\apache\commons\commons-lang3\3.6\commons-lang3-3.6.jar;D:\apache-maven-3.3.9\work\maven_work\maven_repository\org\springframework\boot\spring-boot-starter-validation\2.2.1.RELEASE\spring-boot-starter-validation-2.2.1.RELEASE.jar;D:\apache-maven-3.3.9\work\maven_work\maven_repository\jakarta\validation\jakarta.validation-api\2.0.1\jakarta.validation-api-2.0.1.jar;D:\apache-maven-3.3.9\work\maven_work\maven_repository\org\apache\tomcat\embed\tomcat-embed-el\9.0.27\tomcat-embed-el-9.0.27.jar;D:\apache-maven-3.3.9\work\maven_work\maven_repository\org\hibernate\validator\hibernate-validator\6.0.18.Final\hibernate-validator-6.0.18.Final.jar;D:\apache-maven-3.3.9\work\maven_work\maven_repository\org\jboss\logging\jboss-logging\3.4.1.Final\jboss-logging-3.4.1.Final.jar;D:\apache-maven-3.3.9\work\maven_work\maven_repository\com\fasterxml\classmate\1.5.1\classmate-1.5.1.jar;D:\apache-maven-3.3.9\work\maven_work\maven_repository\org\springframework\boot\spring-boot-starter-data-redis\2.2.1.RELEASE\spring-boot-starter-data-redis-2.2.1.RELEASE.jar;D:\apache-maven-3.3.9\work\maven_work\maven_repository\org\springframework\data\spring-data-redis\2.2.1.RELEASE\spring-data-redis-2.2.1.RELEASE.jar;D:\apache-maven-3.3.9\work\maven_work\maven_repository\org\springframework\data\spring-data-keyvalue\2.2.1.RELEASE\spring-data-keyvalue-2.2.1.RELEASE.jar;D:\apache-maven-3.3.9\work\maven_work\maven_repository\org\springframework\data\spring-data-commons\2.2.1.RELEASE\spring-data-commons-2.2.1.RELEASE.jar;D:\apache-maven-3.3.9\work\maven_work\maven_repository\org\springframework\spring-tx\5.2.1.RELEASE\spring-tx-5.2.1.RELEASE.jar;D:\apache-maven-3.3.9\work\maven_work\maven_repository\org\springframework\spring-oxm\5.2.1.RELEASE\spring-oxm-5.2.1.RELEASE.jar;D:\apache-maven-3.3.9\work\maven_work\maven_repository\org\springframework\spring-context-support\5.2.1.RELEASE\spring-context-support-5.2.1.RELEASE.jar;D:\apache-maven-3.3.9\work\maven_work\maven_repository\io\lettuce\lettuce-core\5.2.1.RELEASE\lettuce-core-5.2.1.RELEASE.jar;D:\apache-maven-3.3.9\work\maven_work\maven_repository\io\netty\netty-common\4.1.43.Final\netty-common-4.1.43.Final.jar;D:\apache-maven-3.3.9\work\maven_work\maven_repository\io\netty\netty-handler\4.1.43.Final\netty-handler-4.1.43.Final.jar;D:\apache-maven-3.3.9\work\maven_work\maven_repository\io\netty\netty-buffer\4.1.43.Final\netty-buffer-4.1.43.Final.jar;D:\apache-maven-3.3.9\work\maven_work\maven_repository\io\netty\netty-codec\4.1.43.Final\netty-codec-4.1.43.Final.jar;D:\apache-maven-3.3.9\work\maven_work\maven_repository\io\netty\netty-transport\4.1.43.Final\netty-transport-4.1.43.Final.jar;D:\apache-maven-3.3.9\work\maven_work\maven_repository\io\netty\netty-resolver\4.1.43.Final\netty-resolver-4.1.43.Final.jar;D:\apache-maven-3.3.9\work\maven_work\maven_repository\io\projectreactor\reactor-core\3.3.0.RELEASE\reactor-core-3.3.0.RELEASE.jar;D:\apache-maven-3.3.9\work\maven_work\maven_repository\org\reactivestreams\reactive-streams\1.0.3\reactive-streams-1.0.3.jar;D:\apache-maven-3.3.9\work\maven_work\maven_repository\org\apache\commons\commons-pool2\2.7.0\commons-pool2-2.7.0.jar;"/>
    <property name="sun.cpu.endian" value="little"/>
    <property name="user.home" value="C:\Users\ljn"/>
    <property name="user.language" value="zh"/>
    <property name="java.specification.vendor" value="Oracle Corporation"/>
    <property name="java.home" value="C:\Program Files\Java\jdk1.8.0_261\jre"/>
    <property name="basedir" value="E:\Java\8project\003seckill"/>
    <property name="file.separator" value="\"/>
    <property name="line.separator" value="&#10;"/>
    <property name="java.vm.specification.vendor" value="Oracle Corporation"/>
    <property name="java.specification.name" value="Java Platform API Specification"/>
    <property name="java.awt.graphicsenv" value="sun.awt.Win32GraphicsEnvironment"/>
    <property name="surefire.real.class.path" value="C:\Users\ljn\AppData\Local\Temp\surefire3614580330148409840\surefirebooter4743146472402702199.jar"/>
    <property name="sun.boot.class.path" value="C:\Program Files\Java\jdk1.8.0_261\jre\lib\resources.jar;C:\Program Files\Java\jdk1.8.0_261\jre\lib\rt.jar;C:\Program Files\Java\jdk1.8.0_261\jre\lib\sunrsasign.jar;C:\Program Files\Java\jdk1.8.0_261\jre\lib\jsse.jar;C:\Program Files\Java\jdk1.8.0_261\jre\lib\jce.jar;C:\Program Files\Java\jdk1.8.0_261\jre\lib\charsets.jar;C:\Program Files\Java\jdk1.8.0_261\jre\lib\jfr.jar;C:\Program Files\Java\jdk1.8.0_261\jre\classes"/>
    <property name="user.script" value=""/>
    <property name="sun.management.compiler" value="HotSpot 64-Bit Tiered Compilers"/>
    <property name="java.runtime.version" value="1.8.0_261-b12"/>
    <property name="user.name" value="ljn"/>
    <property name="path.separator" value=";"/>
    <property name="os.version" value="10.0"/>
    <property name="java.endorsed.dirs" value="C:\Program Files\Java\jdk1.8.0_261\jre\lib\endorsed"/>
    <property name="java.runtime.name" value="Java(TM) SE Runtime Environment"/>
    <property name="file.encoding" value="GBK"/>
    <property name="java.vm.name" value="Java HotSpot(TM) 64-Bit Server VM"/>
    <property name="localRepository" value="D:\apache-maven-3.3.9\work\maven_work\maven_repository"/>
    <property name="java.vendor.url.bug" value="http://bugreport.sun.com/bugreport/"/>
    <property name="java.io.tmpdir" value="C:\Users\ljn\AppData\Local\Temp\"/>
    <property name="idea.version" value="2020.2.3"/>
    <property name="java.version" value="1.8.0_261"/>
    <property name="user.dir" value="E:\Java\8project\003seckill"/>
    <property name="os.arch" value="amd64"/>
    <property name="java.vm.specification.name" value="Java Virtual Machine Specification"/>
    <property name="java.awt.printerjob" value="sun.awt.windows.WPrinterJob"/>
    <property name="sun.os.patch.level" value=""/>
    <property name="java.library.path" value="C:\Program Files\Java\jdk1.8.0_261\jre\bin;C:\Windows\Sun\Java\bin;C:\Windows\system32;C:\Windows;C:\Program Files (x86)\Common Files\Oracle\Java\javapath;C:\Program Files\NVIDIA GPU Computing Toolkit\CUDA\v10.0\bin;C:\Program Files\NVIDIA GPU Computing Toolkit\CUDA\v10.0\libnvvp;C:\Windows\system32;C:\Windows;C:\Windows\System32\Wbem;C:\Windows\System32\WindowsPowerShell\v1.0\;C:\Windows\System32\OpenSSH\;C:\Program Files (x86)\NVIDIA Corporation\PhysX\Common;C:\Program Files\NVIDIA Corporation\NVIDIA NvDLISR;C:\Program Files\NVIDIA GPU Computing Toolkit\CUDA\v10.0;C:\Program Files\NVIDIA GPU Computing Toolkit\CUDA\v10.0\lib\x64;C:\Program Files\NVIDIA GPU Computing Toolkit\CUDA\v10.2\include;C:\Program Files\NVIDIA GPU Computing Toolkit\CUDA\v10.2\extras\CUPTI\lib64;C:\ProgramData\NVIDIA Corporation\CUDA Samples\v10.2\bin\win64;C:\ProgramData\NVIDIA Corporation\CUDA Samples\v10.2\common\lib\x64;D:\git\Git\cmd;D:\MATLABR2017b\runtime\win64;D:\MATLABR2017b\bin;D:\mysql\bin;D:\apache-maven-3.3.9\bin;D:\xshell\;D:\redis\;C:\Users\ljn\AppData\Roaming\nvm;C:\Program Files\nodejs;D:\anaconda;D:\anaconda\Library\mingw-w64\bin;D:\anaconda\Library\usr\bin;D:\anaconda\Library\bin;D:\anaconda\Scripts;C:\Users\ljn\AppData\Local\Microsoft\WindowsApps;D:\pycharm\PyCharm 2020.2.2\bin;;D:\idea\IntelliJ IDEA 2020.2.3\bin;;D:\webstorm\WebStorm 2020.2.3\bin;;C:\Program Files\Java\jdk1.8.0_261\bin;D:\mysql-5.5.62-winx64\bin;D:\MiKTeX\miktex\bin\x64\;D:\vscode\Microsoft VS Code\bin;C:\Users\ljn\AppData\Roaming\npm;C:\Users\ljn\AppData\Roaming\nvm;C:\Program Files\nodejs;."/>
    <property name="java.vm.info" value="mixed mode"/>
    <property name="java.vendor" value="Oracle Corporation"/>
    <property name="java.vm.version" value="25.261-b12"/>
    <property name="java.ext.dirs" value="C:\Program Files\Java\jdk1.8.0_261\jre\lib\ext;C:\Windows\Sun\Java\lib\ext"/>
    <property name="sun.io.unicode.encoding" value="UnicodeLittle"/>
    <property name="java.class.version" value="52.0"/>
  </properties>
  <testcase name="contextLoads" classname="com.ljn.seckill.SeckillApplicationTests" time="0.584"/>
</testsuite>